<?xml version="1.0" encoding="UTF-8"?>
<testng-results skipped="0" failed="1" ignored="0" total="1" passed="0">
  <reporter-output>
  </reporter-output>
  <suite name="Default suite" duration-ms="1615" started-at="2021-03-12T15:36:49 IST" finished-at="2021-03-12T15:36:51 IST">
    <groups>
    </groups>
    <test name="Default test" duration-ms="1615" started-at="2021-03-12T15:36:49 IST" finished-at="2021-03-12T15:36:51 IST">
      <class name="testpackage.ExtentReportwithTestNg">
        <test-method status="PASS" signature="x()[pri:0, instance:testpackage.ExtentReportwithTestNg@74650e52]" name="x" is-config="true" duration-ms="72" started-at="2021-03-12T15:36:49 IST" finished-at="2021-03-12T15:36:49 IST">
          <reporter-output>
          </reporter-output>
        </test-method> <!-- x -->
        <test-method status="PASS" signature="open_the_broser()[pri:0, instance:testpackage.ExtentReportwithTestNg@74650e52]" name="open_the_broser" is-config="true" duration-ms="1589" started-at="2021-03-12T15:36:49 IST" finished-at="2021-03-12T15:36:51 IST">
          <reporter-output>
          </reporter-output>
        </test-method> <!-- open_the_broser -->
        <test-method status="FAIL" signature="M()[pri:0, instance:testpackage.ExtentReportwithTestNg@74650e52]" name="M" duration-ms="4" started-at="2021-03-12T15:36:51 IST" finished-at="2021-03-12T15:36:51 IST">
          <exception class="java.lang.Error">
            <message>
              <![CDATA[Unresolved compilation problems: 
test cannot be resolved
test cannot be resolved
test cannot be resolved
test cannot be resolved
test cannot be resolved
test cannot be resolved
test cannot be resolved
extentReport cannot be resolved
]]>
            </message>
            <full-stacktrace>
              <![CDATA[java.lang.Error: Unresolved compilation problems: 
test cannot be resolved
test cannot be resolved
test cannot be resolved
test cannot be resolved
test cannot be resolved
test cannot be resolved
test cannot be resolved
extentReport cannot be resolved

at testpackage.ExtentReportwithTestNg.M(ExtentReportwithTestNg.java:55)
at sun.reflect.NativeMethodAccessorImpl.invoke0(Native Method)
at sun.reflect.NativeMethodAccessorImpl.invoke(NativeMethodAccessorImpl.java:62)
at sun.reflect.DelegatingMethodAccessorImpl.invoke(DelegatingMethodAccessorImpl.java:43)
at java.lang.reflect.Method.invoke(Method.java:498)
at org.testng.internal.MethodInvocationHelper.invokeMethod(MethodInvocationHelper.java:132)
at org.testng.internal.TestInvoker.invokeMethod(TestInvoker.java:599)
at org.testng.internal.TestInvoker.invokeTestMethod(TestInvoker.java:174)
at org.testng.internal.MethodRunner.runInSequence(MethodRunner.java:46)
at org.testng.internal.TestInvoker$MethodInvocationAgent.invoke(TestInvoker.java:822)
at org.testng.internal.TestInvoker.invokeTestMethods(TestInvoker.java:147)
at org.testng.internal.TestMethodWorker.invokeTestMethods(TestMethodWorker.java:146)
at org.testng.internal.TestMethodWorker.run(TestMethodWorker.java:128)
at java.util.ArrayList.forEach(ArrayList.java:1259)
at org.testng.TestRunner.privateRun(TestRunner.java:764)
at org.testng.TestRunner.run(TestRunner.java:585)
at org.testng.SuiteRunner.runTest(SuiteRunner.java:384)
at org.testng.SuiteRunner.runSequentially(SuiteRunner.java:378)
at org.testng.SuiteRunner.privateRun(SuiteRunner.java:337)
at org.testng.SuiteRunner.run(SuiteRunner.java:286)
at org.testng.SuiteRunnerWorker.runSuite(SuiteRunnerWorker.java:53)
at org.testng.SuiteRunnerWorker.run(SuiteRunnerWorker.java:96)
at org.testng.TestNG.runSuitesSequentially(TestNG.java:1218)
at org.testng.TestNG.runSuitesLocally(TestNG.java:1140)
at org.testng.TestNG.runSuites(TestNG.java:1069)
at org.testng.TestNG.run(TestNG.java:1037)
at org.testng.remote.AbstractRemoteTestNG.run(AbstractRemoteTestNG.java:115)
at org.testng.remote.RemoteTestNG.initAndRun(RemoteTestNG.java:251)
at org.testng.remote.RemoteTestNG.main(RemoteTestNG.java:77)
]]>
            </full-stacktrace>
          </exception> <!-- java.lang.Error -->
          <reporter-output>
          </reporter-output>
        </test-method> <!-- M -->
      </class> <!-- testpackage.ExtentReportwithTestNg -->
    </test> <!-- Default test -->
  </suite> <!-- Default suite -->
</testng-results>
